2026-03-17 16:44:32,897 - 5G-A-Industry - INFO - 日志系统初始化完成
2026-03-17 16:44:32,909 - 5G-A-Industry - DEBUG - 当前配置: DevelopmentConfig
2026-03-17 16:45:30,908 - 5G-A-Industry - INFO - 日志系统初始化完成
2026-03-17 16:45:30,908 - 5G-A-Industry - DEBUG - 当前配置: DevelopmentConfig
2026-03-17 16:46:04,874 - 5G-A-Industry - INFO - 日志系统初始化完成
2026-03-17 16:46:04,875 - 5G-A-Industry - DEBUG - 当前配置: DevelopmentConfig
2026-03-17 16:46:45,845 - 5G-A-Industry - INFO - 日志系统初始化完成
2026-03-17 16:46:45,845 - 5G-A-Industry - DEBUG - 当前配置: DevelopmentConfig
2026-03-17 16:47:42,819 - 5G-A-Industry - INFO - 日志系统初始化完成
2026-03-17 16:47:42,820 - 5G-A-Industry - DEBUG - 当前配置: DevelopmentConfig
2026-03-17 16:48:22,268 - 5G-A-Industry - INFO - 日志系统初始化完成
2026-03-17 16:48:22,269 - 5G-A-Industry - DEBUG - 当前配置: DevelopmentConfig
2026-03-17 16:48:59,333 - 5G-A-Industry - INFO - 日志系统初始化完成
2026-03-17 16:48:59,334 - 5G-A-Industry - DEBUG - 当前配置: DevelopmentConfig
2026-03-17 16:49:38,992 - 5G-A-Industry - INFO - 日志系统初始化完成
2026-03-17 16:49:38,993 - 5G-A-Industry - DEBUG - 当前配置: DevelopmentConfig
2026-03-17 16:50:55,558 - 5G-A-Industry - INFO - 日志系统初始化完成
2026-03-17 16:50:55,559 - 5G-A-Industry - DEBUG - 当前配置: DevelopmentConfig
2026-03-17 16:54:52,358 - 5G-A-Industry - INFO - 日志系统初始化完成
2026-03-17 16:54:52,358 - 5G-A-Industry - DEBUG - 当前配置: DevelopmentConfig
2026-03-17 16:54:52,588 - 5G-A-Industry - INFO - 初始化工业大模型服务
2026-03-17 16:54:52,595 - 5G-A-Industry - INFO - 初始化5G-A网络服务
2026-03-17 16:58:53,377 - 5G-A-Industry - INFO - 日志系统初始化完成
2026-03-17 16:58:53,378 - 5G-A-Industry - DEBUG - 当前配置: DevelopmentConfig
2026-03-17 17:01:15,033 - 5G-A-Industry - INFO - 日志系统初始化完成
2026-03-17 17:01:15,034 - 5G-A-Industry - DEBUG - 当前配置: DevelopmentConfig
2026-03-17 17:01:15,199 - 5G-A-Industry - INFO - 初始化工业大模型服务
2026-03-17 17:01:15,201 - 5G-A-Industry - INFO - 初始化5G-A网络服务
2026-03-17 17:02:32,050 - 5G-A-Industry - INFO - 日志系统初始化完成
2026-03-17 17:02:32,050 - 5G-A-Industry - DEBUG - 当前配置: DevelopmentConfig
2026-03-17 17:02:32,200 - 5G-A-Industry - INFO - 初始化工业大模型服务
2026-03-17 17:02:32,201 - 5G-A-Industry - INFO - 初始化5G-A网络服务
2026-03-17 17:04:28,769 - 5G-A-Industry - INFO - 日志系统初始化完成
2026-03-17 17:04:28,769 - 5G-A-Industry - DEBUG - 当前配置: DevelopmentConfig
2026-03-17 17:04:28,921 - 5G-A-Industry - INFO - 初始化工业大模型服务
2026-03-17 17:04:28,922 - 5G-A-Industry - INFO - 初始化5G-A网络服务
2026-03-17 17:04:28,980 - werkzeug - INFO - [31m[1mWARNING: This is a development server. Do not use it in a production deployment. Use a production WSGI server instead.[0m
 * Running on all addresses (0.0.0.0)
 * Running on http://127.0.0.1:5000
 * Running on http://192.168.50.42:5000
2026-03-17 17:04:28,981 - werkzeug - INFO - [33mPress CTRL+C to quit[0m
2026-03-17 17:04:50,182 - 5G-A-Industry - ERROR - 错误发生: 'TypeError' object is not callable
Traceback (most recent call last):
  File "D:\python_chuangxin\5G-A\middleware\error_handler.py", line 15, in wrapper
    return f(*args, **kwargs)
TypeError: 'TypeError' object is not callable
2026-03-17 17:04:50,191 - app - ERROR - Exception on / [GET]
Traceback (most recent call last):
  File "D:\ANAC\Lib\site-packages\flask\app.py", line 2190, in wsgi_app
    response = self.full_dispatch_request()
  File "D:\ANAC\Lib\site-packages\flask\app.py", line 1487, in full_dispatch_request
    return self.finalize_request(rv)
           ~~~~~~~~~~~~~~~~~~~~~^^^^
  File "D:\ANAC\Lib\site-packages\flask\app.py", line 1506, in finalize_request
    response = self.make_response(rv)
  File "D:\ANAC\Lib\site-packages\flask\app.py", line 1829, in make_response
    raise TypeError(
    ...<5 lines>...
    ).with_traceback(sys.exc_info()[2]) from None
  File "D:\ANAC\Lib\site-packages\flask\app.py", line 1825, in make_response
    rv = self.response_class.force_type(
        rv, request.environ  # type: ignore[arg-type]
    )
  File "D:\ANAC\Lib\site-packages\werkzeug\wrappers\response.py", line 237, in force_type
    response = Response(*run_wsgi_app(response, environ))
                         ~~~~~~~~~~~~^^^^^^^^^^^^^^^^^^^
  File "D:\ANAC\Lib\site-packages\werkzeug\test.py", line 1294, in run_wsgi_app
    status, headers = response  # type: ignore
    ^^^^^^^^^^^^^^^
TypeError: cannot unpack non-iterable NoneType object
The view function did not return a valid response. The return type must be a string, dict, list, tuple with headers or status, Response instance, or WSGI callable, but it was a function.
2026-03-17 17:04:50,218 - werkzeug - INFO - 127.0.0.1 - - [17/Mar/2026 17:04:50] "[35m[1mGET / HTTP/1.1[0m" 500 -
2026-03-17 17:04:50,269 - werkzeug - ERROR - Error on request:
Traceback (most recent call last):
  File "D:\ANAC\Lib\site-packages\werkzeug\serving.py", line 370, in run_wsgi
    execute(self.server.app)
    ~~~~~~~^^^^^^^^^^^^^^^^^
  File "D:\ANAC\Lib\site-packages\werkzeug\serving.py", line 333, in execute
    for data in application_iter:
                ^^^^^^^^^^^^^^^^
TypeError: 'Response' object is not iterable
2026-03-17 17:04:50,349 - 5G-A-Industry - ERROR - 错误发生: 'TypeError' object is not callable
Traceback (most recent call last):
  File "D:\python_chuangxin\5G-A\middleware\error_handler.py", line 15, in wrapper
    return f(*args, **kwargs)
TypeError: 'TypeError' object is not callable
2026-03-17 17:04:50,349 - app - ERROR - Exception on /@vite/client [GET]
Traceback (most recent call last):
  File "D:\ANAC\Lib\site-packages\flask\app.py", line 2190, in wsgi_app
    response = self.full_dispatch_request()
  File "D:\ANAC\Lib\site-packages\flask\app.py", line 1487, in full_dispatch_request
    return self.finalize_request(rv)
           ~~~~~~~~~~~~~~~~~~~~~^^^^
  File "D:\ANAC\Lib\site-packages\flask\app.py", line 1506, in finalize_request
    response = self.make_response(rv)
  File "D:\ANAC\Lib\site-packages\flask\app.py", line 1829, in make_response
    raise TypeError(
    ...<5 lines>...
    ).with_traceback(sys.exc_info()[2]) from None
  File "D:\ANAC\Lib\site-packages\flask\app.py", line 1825, in make_response
    rv = self.response_class.force_type(
        rv, request.environ  # type: ignore[arg-type]
    )
  File "D:\ANAC\Lib\site-packages\werkzeug\wrappers\response.py", line 237, in force_type
    response = Response(*run_wsgi_app(response, environ))
                         ~~~~~~~~~~~~^^^^^^^^^^^^^^^^^^^
  File "D:\ANAC\Lib\site-packages\werkzeug\test.py", line 1294, in run_wsgi_app
    status, headers = response  # type: ignore
    ^^^^^^^^^^^^^^^
TypeError: cannot unpack non-iterable NoneType object
The view function did not return a valid response. The return type must be a string, dict, list, tuple with headers or status, Response instance, or WSGI callable, but it was a function.
2026-03-17 17:04:50,374 - werkzeug - INFO - 127.0.0.1 - - [17/Mar/2026 17:04:50] "[35m[1mGET /@vite/client HTTP/1.1[0m" 500 -
2026-03-17 17:04:50,377 - werkzeug - ERROR - Error on request:
Traceback (most recent call last):
  File "D:\ANAC\Lib\site-packages\werkzeug\serving.py", line 370, in run_wsgi
    execute(self.server.app)
    ~~~~~~~^^^^^^^^^^^^^^^^^
  File "D:\ANAC\Lib\site-packages\werkzeug\serving.py", line 333, in execute
    for data in application_iter:
                ^^^^^^^^^^^^^^^^
TypeError: 'Response' object is not iterable
2026-03-17 17:15:24,532 - 5G-A-Industry - INFO - 日志系统初始化完成
2026-03-17 17:15:24,543 - 5G-A-Industry - DEBUG - 当前配置: DevelopmentConfig
2026-03-17 17:15:51,102 - 5G-A-Industry - INFO - 日志系统初始化完成
2026-03-17 17:15:51,102 - 5G-A-Industry - DEBUG - 当前配置: DevelopmentConfig
2026-03-17 17:16:15,199 - 5G-A-Industry - INFO - 日志系统初始化完成
2026-03-17 17:16:15,199 - 5G-A-Industry - DEBUG - 当前配置: DevelopmentConfig
2026-03-17 17:16:15,405 - 5G-A-Industry - INFO - 初始化工业大模型服务
2026-03-17 17:16:15,410 - 5G-A-Industry - INFO - 初始化5G-A网络服务
2026-03-17 17:16:15,447 - werkzeug - INFO - [31m[1mWARNING: This is a development server. Do not use it in a production deployment. Use a production WSGI server instead.[0m
 * Running on http://127.0.0.1:5000
2026-03-17 17:16:15,447 - werkzeug - INFO - [33mPress CTRL+C to quit[0m
2026-03-17 17:16:19,370 - 5G-A-Industry - ERROR - 错误发生: 'TypeError' object is not callable
Traceback (most recent call last):
  File "D:\python_chuangxin\5G-A\middleware\error_handler.py", line 15, in wrapper
    return f(*args, **kwargs)
TypeError: 'TypeError' object is not callable
2026-03-17 17:16:19,384 - app - ERROR - Exception on / [GET]
Traceback (most recent call last):
  File "D:\ANAC\envs\5ga\Lib\site-packages\flask\app.py", line 1511, in wsgi_app
    response = self.full_dispatch_request()
  File "D:\ANAC\envs\5ga\Lib\site-packages\flask\app.py", line 920, in full_dispatch_request
    return self.finalize_request(rv)
           ~~~~~~~~~~~~~~~~~~~~~^^^^
  File "D:\ANAC\envs\5ga\Lib\site-packages\flask\app.py", line 939, in finalize_request
    response = self.make_response(rv)
  File "D:\ANAC\envs\5ga\Lib\site-packages\flask\app.py", line 1241, in make_response
    raise TypeError(
    ...<5 lines>...
    ).with_traceback(sys.exc_info()[2]) from None
  File "D:\ANAC\envs\5ga\Lib\site-packages\flask\app.py", line 1236, in make_response
    rv = self.response_class.force_type(
        rv,  # type: ignore[arg-type]
        request.environ,
    )
  File "D:\ANAC\envs\5ga\Lib\site-packages\werkzeug\wrappers\response.py", line 237, in force_type
    response = Response(*run_wsgi_app(response, environ))
                         ~~~~~~~~~~~~^^^^^^^^^^^^^^^^^^^
  File "D:\ANAC\envs\5ga\Lib\site-packages\werkzeug\test.py", line 1294, in run_wsgi_app
    status, headers = response  # type: ignore
    ^^^^^^^^^^^^^^^
TypeError: cannot unpack non-iterable NoneType object
The view function did not return a valid response. The return type must be a string, dict, list, tuple with headers or status, Response instance, or WSGI callable, but it was a function.
2026-03-17 17:16:19,418 - werkzeug - INFO - 127.0.0.1 - - [17/Mar/2026 17:16:19] "[35m[1mGET / HTTP/1.1[0m" 500 -
2026-03-17 17:16:19,461 - werkzeug - ERROR - Error on request:
Traceback (most recent call last):
  File "D:\ANAC\envs\5ga\Lib\site-packages\werkzeug\serving.py", line 370, in run_wsgi
    execute(self.server.app)
    ~~~~~~~^^^^^^^^^^^^^^^^^
  File "D:\ANAC\envs\5ga\Lib\site-packages\werkzeug\serving.py", line 333, in execute
    for data in application_iter:
                ^^^^^^^^^^^^^^^^
TypeError: 'Response' object is not iterable
2026-03-17 17:16:19,663 - 5G-A-Industry - ERROR - 错误发生: 'TypeError' object is not callable
Traceback (most recent call last):
  File "D:\python_chuangxin\5G-A\middleware\error_handler.py", line 15, in wrapper
    return f(*args, **kwargs)
TypeError: 'TypeError' object is not callable
2026-03-17 17:16:19,664 - app - ERROR - Exception on /favicon.ico [GET]
Traceback (most recent call last):
  File "D:\ANAC\envs\5ga\Lib\site-packages\flask\app.py", line 1511, in wsgi_app
    response = self.full_dispatch_request()
  File "D:\ANAC\envs\5ga\Lib\site-packages\flask\app.py", line 920, in full_dispatch_request
    return self.finalize_request(rv)
           ~~~~~~~~~~~~~~~~~~~~~^^^^
  File "D:\ANAC\envs\5ga\Lib\site-packages\flask\app.py", line 939, in finalize_request
    response = self.make_response(rv)
  File "D:\ANAC\envs\5ga\Lib\site-packages\flask\app.py", line 1241, in make_response
    raise TypeError(
    ...<5 lines>...
    ).with_traceback(sys.exc_info()[2]) from None
  File "D:\ANAC\envs\5ga\Lib\site-packages\flask\app.py", line 1236, in make_response
    rv = self.response_class.force_type(
        rv,  # type: ignore[arg-type]
        request.environ,
    )
  File "D:\ANAC\envs\5ga\Lib\site-packages\werkzeug\wrappers\response.py", line 237, in force_type
    response = Response(*run_wsgi_app(response, environ))
                         ~~~~~~~~~~~~^^^^^^^^^^^^^^^^^^^
  File "D:\ANAC\envs\5ga\Lib\site-packages\werkzeug\test.py", line 1294, in run_wsgi_app
    status, headers = response  # type: ignore
    ^^^^^^^^^^^^^^^
TypeError: cannot unpack non-iterable NoneType object
The view function did not return a valid response. The return type must be a string, dict, list, tuple with headers or status, Response instance, or WSGI callable, but it was a function.
2026-03-17 17:16:19,681 - werkzeug - INFO - 127.0.0.1 - - [17/Mar/2026 17:16:19] "[35m[1mGET /favicon.ico HTTP/1.1[0m" 500 -
2026-03-17 17:16:19,696 - werkzeug - ERROR - Error on request:
Traceback (most recent call last):
  File "D:\ANAC\envs\5ga\Lib\site-packages\werkzeug\serving.py", line 370, in run_wsgi
    execute(self.server.app)
    ~~~~~~~^^^^^^^^^^^^^^^^^
  File "D:\ANAC\envs\5ga\Lib\site-packages\werkzeug\serving.py", line 333, in execute
    for data in application_iter:
                ^^^^^^^^^^^^^^^^
TypeError: 'Response' object is not iterable
2026-03-17 17:16:47,115 - 5G-A-Industry - INFO - 日志系统初始化完成
2026-03-17 17:16:47,115 - 5G-A-Industry - DEBUG - 当前配置: DevelopmentConfig
2026-03-17 17:16:47,208 - 5G-A-Industry - INFO - 初始化工业大模型服务
2026-03-17 17:16:47,209 - 5G-A-Industry - INFO - 初始化5G-A网络服务
2026-03-17 17:16:47,234 - werkzeug - INFO - [31m[1mWARNING: This is a development server. Do not use it in a production deployment. Use a production WSGI server instead.[0m
 * Running on http://127.0.0.1:5000
2026-03-17 17:16:47,234 - werkzeug - INFO - [33mPress CTRL+C to quit[0m
2026-03-17 17:16:50,394 - 5G-A-Industry - ERROR - 错误发生: 'TypeError' object is not callable
Traceback (most recent call last):
  File "D:\python_chuangxin\5G-A\middleware\error_handler.py", line 15, in wrapper
    return f(*args, **kwargs)
TypeError: 'TypeError' object is not callable
2026-03-17 17:16:50,396 - app - ERROR - Exception on / [GET]
Traceback (most recent call last):
  File "D:\ANAC\envs\5ga\Lib\site-packages\flask\app.py", line 1511, in wsgi_app
    response = self.full_dispatch_request()
  File "D:\ANAC\envs\5ga\Lib\site-packages\flask\app.py", line 920, in full_dispatch_request
    return self.finalize_request(rv)
           ~~~~~~~~~~~~~~~~~~~~~^^^^
  File "D:\ANAC\envs\5ga\Lib\site-packages\flask\app.py", line 939, in finalize_request
    response = self.make_response(rv)
  File "D:\ANAC\envs\5ga\Lib\site-packages\flask\app.py", line 1241, in make_response
    raise TypeError(
    ...<5 lines>...
    ).with_traceback(sys.exc_info()[2]) from None
  File "D:\ANAC\envs\5ga\Lib\site-packages\flask\app.py", line 1236, in make_response
    rv = self.response_class.force_type(
        rv,  # type: ignore[arg-type]
        request.environ,
    )
  File "D:\ANAC\envs\5ga\Lib\site-packages\werkzeug\wrappers\response.py", line 237, in force_type
    response = Response(*run_wsgi_app(response, environ))
                         ~~~~~~~~~~~~^^^^^^^^^^^^^^^^^^^
  File "D:\ANAC\envs\5ga\Lib\site-packages\werkzeug\test.py", line 1294, in run_wsgi_app
    status, headers = response  # type: ignore
    ^^^^^^^^^^^^^^^
TypeError: cannot unpack non-iterable NoneType object
The view function did not return a valid response. The return type must be a string, dict, list, tuple with headers or status, Response instance, or WSGI callable, but it was a function.
2026-03-17 17:16:50,422 - werkzeug - INFO - 127.0.0.1 - - [17/Mar/2026 17:16:50] "[35m[1mGET / HTTP/1.1[0m" 500 -
2026-03-17 17:16:50,441 - werkzeug - ERROR - Error on request:
Traceback (most recent call last):
  File "D:\ANAC\envs\5ga\Lib\site-packages\werkzeug\serving.py", line 370, in run_wsgi
    execute(self.server.app)
    ~~~~~~~^^^^^^^^^^^^^^^^^
  File "D:\ANAC\envs\5ga\Lib\site-packages\werkzeug\serving.py", line 333, in execute
    for data in application_iter:
                ^^^^^^^^^^^^^^^^
TypeError: 'Response' object is not iterable
2026-03-17 17:16:50,576 - 5G-A-Industry - ERROR - 错误发生: 'TypeError' object is not callable
Traceback (most recent call last):
  File "D:\python_chuangxin\5G-A\middleware\error_handler.py", line 15, in wrapper
    return f(*args, **kwargs)
TypeError: 'TypeError' object is not callable
2026-03-17 17:16:50,577 - app - ERROR - Exception on /favicon.ico [GET]
Traceback (most recent call last):
  File "D:\ANAC\envs\5ga\Lib\site-packages\flask\app.py", line 1511, in wsgi_app
    response = self.full_dispatch_request()
  File "D:\ANAC\envs\5ga\Lib\site-packages\flask\app.py", line 920, in full_dispatch_request
    return self.finalize_request(rv)
           ~~~~~~~~~~~~~~~~~~~~~^^^^
  File "D:\ANAC\envs\5ga\Lib\site-packages\flask\app.py", line 939, in finalize_request
    response = self.make_response(rv)
  File "D:\ANAC\envs\5ga\Lib\site-packages\flask\app.py", line 1241, in make_response
    raise TypeError(
    ...<5 lines>...
    ).with_traceback(sys.exc_info()[2]) from None
  File "D:\ANAC\envs\5ga\Lib\site-packages\flask\app.py", line 1236, in make_response
    rv = self.response_class.force_type(
        rv,  # type: ignore[arg-type]
        request.environ,
    )
  File "D:\ANAC\envs\5ga\Lib\site-packages\werkzeug\wrappers\response.py", line 237, in force_type
    response = Response(*run_wsgi_app(response, environ))
                         ~~~~~~~~~~~~^^^^^^^^^^^^^^^^^^^
  File "D:\ANAC\envs\5ga\Lib\site-packages\werkzeug\test.py", line 1294, in run_wsgi_app
    status, headers = response  # type: ignore
    ^^^^^^^^^^^^^^^
TypeError: cannot unpack non-iterable NoneType object
The view function did not return a valid response. The return type must be a string, dict, list, tuple with headers or status, Response instance, or WSGI callable, but it was a function.
2026-03-17 17:16:50,595 - werkzeug - INFO - 127.0.0.1 - - [17/Mar/2026 17:16:50] "[35m[1mGET /favicon.ico HTTP/1.1[0m" 500 -
2026-03-17 17:16:50,608 - werkzeug - ERROR - Error on request:
Traceback (most recent call last):
  File "D:\ANAC\envs\5ga\Lib\site-packages\werkzeug\serving.py", line 370, in run_wsgi
    execute(self.server.app)
    ~~~~~~~^^^^^^^^^^^^^^^^^
  File "D:\ANAC\envs\5ga\Lib\site-packages\werkzeug\serving.py", line 333, in execute
    for data in application_iter:
                ^^^^^^^^^^^^^^^^
TypeError: 'Response' object is not iterable
2026-03-17 17:22:48,025 - 5G-A-Industry - INFO - 日志系统初始化完成
2026-03-17 17:22:48,025 - 5G-A-Industry - DEBUG - 当前配置: DevelopmentConfig
2026-03-17 17:23:25,792 - 5G-A-Industry - INFO - 日志系统初始化完成
2026-03-17 17:23:25,792 - 5G-A-Industry - DEBUG - 当前配置: DevelopmentConfig
2026-03-17 17:23:52,314 - 5G-A-Industry - INFO - 日志系统初始化完成
2026-03-17 17:23:52,314 - 5G-A-Industry - DEBUG - 当前配置: DevelopmentConfig
2026-03-17 17:24:15,662 - 5G-A-Industry - INFO - 日志系统初始化完成
2026-03-17 17:24:15,662 - 5G-A-Industry - DEBUG - 当前配置: DevelopmentConfig
2026-03-17 17:24:38,872 - 5G-A-Industry - INFO - 日志系统初始化完成
2026-03-17 17:24:38,872 - 5G-A-Industry - DEBUG - 当前配置: DevelopmentConfig
2026-03-17 17:25:03,034 - 5G-A-Industry - INFO - 日志系统初始化完成
2026-03-17 17:25:03,034 - 5G-A-Industry - DEBUG - 当前配置: DevelopmentConfig
2026-03-17 17:25:41,553 - 5G-A-Industry - INFO - 日志系统初始化完成
2026-03-17 17:25:41,553 - 5G-A-Industry - DEBUG - 当前配置: DevelopmentConfig
2026-03-17 17:25:41,663 - 5G-A-Industry - INFO - 初始化工业大模型服务
2026-03-17 17:25:41,664 - 5G-A-Industry - INFO - 初始化5G-A网络服务
2026-03-17 17:25:41,697 - werkzeug - INFO - [31m[1mWARNING: This is a development server. Do not use it in a production deployment. Use a production WSGI server instead.[0m
 * Running on http://127.0.0.1:5000
2026-03-17 17:25:41,697 - werkzeug - INFO - [33mPress CTRL+C to quit[0m
2026-03-17 17:28:19,355 - 5G-A-Industry - INFO - 日志系统初始化完成
2026-03-17 17:28:19,355 - 5G-A-Industry - DEBUG - 当前配置: DevelopmentConfig
2026-03-17 17:28:19,434 - 5G-A-Industry - INFO - 初始化工业大模型服务
2026-03-17 17:28:19,435 - 5G-A-Industry - INFO - 初始化5G-A网络服务
2026-03-17 17:28:19,462 - werkzeug - INFO - [31m[1mWARNING: This is a development server. Do not use it in a production deployment. Use a production WSGI server instead.[0m
 * Running on http://127.0.0.1:5000
2026-03-17 17:28:19,462 - werkzeug - INFO - [33mPress CTRL+C to quit[0m
2026-03-17 17:28:22,580 - 5G-A-Industry - ERROR - 错误发生: 'TypeError' object is not callable
Traceback (most recent call last):
  File "D:\python_chuangxin\5G-A\middleware\error_handler.py", line 15, in wrapper
    return f(*args, **kwargs)
TypeError: 'TypeError' object is not callable
2026-03-17 17:28:22,583 - app - ERROR - Exception on / [GET]
Traceback (most recent call last):
  File "D:\ANAC\envs\5ga\Lib\site-packages\flask\app.py", line 1511, in wsgi_app
    response = self.full_dispatch_request()
  File "D:\ANAC\envs\5ga\Lib\site-packages\flask\app.py", line 920, in full_dispatch_request
    return self.finalize_request(rv)
           ~~~~~~~~~~~~~~~~~~~~~^^^^
  File "D:\ANAC\envs\5ga\Lib\site-packages\flask\app.py", line 939, in finalize_request
    response = self.make_response(rv)
  File "D:\ANAC\envs\5ga\Lib\site-packages\flask\app.py", line 1241, in make_response
    raise TypeError(
    ...<5 lines>...
    ).with_traceback(sys.exc_info()[2]) from None
  File "D:\ANAC\envs\5ga\Lib\site-packages\flask\app.py", line 1236, in make_response
    rv = self.response_class.force_type(
        rv,  # type: ignore[arg-type]
        request.environ,
    )
  File "D:\ANAC\envs\5ga\Lib\site-packages\werkzeug\wrappers\response.py", line 237, in force_type
    response = Response(*run_wsgi_app(response, environ))
                         ~~~~~~~~~~~~^^^^^^^^^^^^^^^^^^^
  File "D:\ANAC\envs\5ga\Lib\site-packages\werkzeug\test.py", line 1294, in run_wsgi_app
    status, headers = response  # type: ignore
    ^^^^^^^^^^^^^^^
TypeError: cannot unpack non-iterable NoneType object
The view function did not return a valid response. The return type must be a string, dict, list, tuple with headers or status, Response instance, or WSGI callable, but it was a function.
2026-03-17 17:28:22,613 - werkzeug - INFO - 127.0.0.1 - - [17/Mar/2026 17:28:22] "[35m[1mGET / HTTP/1.1[0m" 500 -
2026-03-17 17:28:22,644 - werkzeug - ERROR - Error on request:
Traceback (most recent call last):
  File "D:\ANAC\envs\5ga\Lib\site-packages\werkzeug\serving.py", line 370, in run_wsgi
    execute(self.server.app)
    ~~~~~~~^^^^^^^^^^^^^^^^^
  File "D:\ANAC\envs\5ga\Lib\site-packages\werkzeug\serving.py", line 333, in execute
    for data in application_iter:
                ^^^^^^^^^^^^^^^^
TypeError: 'Response' object is not iterable
2026-03-17 17:28:22,752 - 5G-A-Industry - ERROR - 错误发生: 'TypeError' object is not callable
Traceback (most recent call last):
  File "D:\python_chuangxin\5G-A\middleware\error_handler.py", line 15, in wrapper
    return f(*args, **kwargs)
TypeError: 'TypeError' object is not callable
2026-03-17 17:28:22,753 - app - ERROR - Exception on /favicon.ico [GET]
Traceback (most recent call last):
  File "D:\ANAC\envs\5ga\Lib\site-packages\flask\app.py", line 1511, in wsgi_app
    response = self.full_dispatch_request()
  File "D:\ANAC\envs\5ga\Lib\site-packages\flask\app.py", line 920, in full_dispatch_request
    return self.finalize_request(rv)
           ~~~~~~~~~~~~~~~~~~~~~^^^^
  File "D:\ANAC\envs\5ga\Lib\site-packages\flask\app.py", line 939, in finalize_request
    response = self.make_response(rv)
  File "D:\ANAC\envs\5ga\Lib\site-packages\flask\app.py", line 1241, in make_response
    raise TypeError(
    ...<5 lines>...
    ).with_traceback(sys.exc_info()[2]) from None
  File "D:\ANAC\envs\5ga\Lib\site-packages\flask\app.py", line 1236, in make_response
    rv = self.response_class.force_type(
        rv,  # type: ignore[arg-type]
        request.environ,
    )
  File "D:\ANAC\envs\5ga\Lib\site-packages\werkzeug\wrappers\response.py", line 237, in force_type
    response = Response(*run_wsgi_app(response, environ))
                         ~~~~~~~~~~~~^^^^^^^^^^^^^^^^^^^
  File "D:\ANAC\envs\5ga\Lib\site-packages\werkzeug\test.py", line 1294, in run_wsgi_app
    status, headers = response  # type: ignore
    ^^^^^^^^^^^^^^^
TypeError: cannot unpack non-iterable NoneType object
The view function did not return a valid response. The return type must be a string, dict, list, tuple with headers or status, Response instance, or WSGI callable, but it was a function.
2026-03-17 17:28:22,771 - werkzeug - INFO - 127.0.0.1 - - [17/Mar/2026 17:28:22] "[35m[1mGET /favicon.ico HTTP/1.1[0m" 500 -
2026-03-17 17:28:22,779 - werkzeug - ERROR - Error on request:
Traceback (most recent call last):
  File "D:\ANAC\envs\5ga\Lib\site-packages\werkzeug\serving.py", line 370, in run_wsgi
    execute(self.server.app)
    ~~~~~~~^^^^^^^^^^^^^^^^^
  File "D:\ANAC\envs\5ga\Lib\site-packages\werkzeug\serving.py", line 333, in execute
    for data in application_iter:
                ^^^^^^^^^^^^^^^^
TypeError: 'Response' object is not iterable
2026-03-17 17:32:13,592 - 5G-A-Industry - INFO - 日志系统初始化完成
2026-03-17 17:32:13,593 - 5G-A-Industry - DEBUG - 当前配置: DevelopmentConfig
2026-03-17 17:32:13,705 - 5G-A-Industry - INFO - 初始化工业大模型服务
2026-03-17 17:32:13,707 - 5G-A-Industry - INFO - 初始化5G-A网络服务
2026-03-17 17:32:13,741 - werkzeug - INFO - [31m[1mWARNING: This is a development server. Do not use it in a production deployment. Use a production WSGI server instead.[0m
 * Running on http://127.0.0.1:5000
2026-03-17 17:32:13,742 - werkzeug - INFO - [33mPress CTRL+C to quit[0m
2026-03-17 17:32:25,015 - 5G-A-Industry - ERROR - 错误发生: 'TypeError' object is not callable
Traceback (most recent call last):
  File "D:\python_chuangxin\5G-A\middleware\error_handler.py", line 15, in wrapper
    return f(*args, **kwargs)
TypeError: 'TypeError' object is not callable
2026-03-17 17:32:25,016 - app - ERROR - Exception on / [GET]
Traceback (most recent call last):
  File "D:\ANAC\envs\5ga\Lib\site-packages\flask\app.py", line 1511, in wsgi_app
    response = self.full_dispatch_request()
  File "D:\ANAC\envs\5ga\Lib\site-packages\flask\app.py", line 920, in full_dispatch_request
    return self.finalize_request(rv)
           ~~~~~~~~~~~~~~~~~~~~~^^^^
  File "D:\ANAC\envs\5ga\Lib\site-packages\flask\app.py", line 939, in finalize_request
    response = self.make_response(rv)
  File "D:\ANAC\envs\5ga\Lib\site-packages\flask\app.py", line 1241, in make_response
    raise TypeError(
    ...<5 lines>...
    ).with_traceback(sys.exc_info()[2]) from None
  File "D:\ANAC\envs\5ga\Lib\site-packages\flask\app.py", line 1236, in make_response
    rv = self.response_class.force_type(
        rv,  # type: ignore[arg-type]
        request.environ,
    )
  File "D:\ANAC\envs\5ga\Lib\site-packages\werkzeug\wrappers\response.py", line 237, in force_type
    response = Response(*run_wsgi_app(response, environ))
                         ~~~~~~~~~~~~^^^^^^^^^^^^^^^^^^^
  File "D:\ANAC\envs\5ga\Lib\site-packages\werkzeug\test.py", line 1294, in run_wsgi_app
    status, headers = response  # type: ignore
    ^^^^^^^^^^^^^^^
TypeError: cannot unpack non-iterable NoneType object
The view function did not return a valid response. The return type must be a string, dict, list, tuple with headers or status, Response instance, or WSGI callable, but it was a function.
2026-03-17 17:32:25,039 - werkzeug - INFO - 127.0.0.1 - - [17/Mar/2026 17:32:25] "[35m[1mGET / HTTP/1.1[0m" 500 -
2026-03-17 17:32:25,045 - werkzeug - ERROR - Error on request:
Traceback (most recent call last):
  File "D:\ANAC\envs\5ga\Lib\site-packages\werkzeug\serving.py", line 370, in run_wsgi
    execute(self.server.app)
    ~~~~~~~^^^^^^^^^^^^^^^^^
  File "D:\ANAC\envs\5ga\Lib\site-packages\werkzeug\serving.py", line 333, in execute
    for data in application_iter:
                ^^^^^^^^^^^^^^^^
TypeError: 'Response' object is not iterable
2026-03-17 17:32:25,079 - 5G-A-Industry - ERROR - 错误发生: 'TypeError' object is not callable
Traceback (most recent call last):
  File "D:\python_chuangxin\5G-A\middleware\error_handler.py", line 15, in wrapper
    return f(*args, **kwargs)
TypeError: 'TypeError' object is not callable
2026-03-17 17:32:25,080 - app - ERROR - Exception on /@vite/client [GET]
Traceback (most recent call last):
  File "D:\ANAC\envs\5ga\Lib\site-packages\flask\app.py", line 1511, in wsgi_app
    response = self.full_dispatch_request()
  File "D:\ANAC\envs\5ga\Lib\site-packages\flask\app.py", line 920, in full_dispatch_request
    return self.finalize_request(rv)
           ~~~~~~~~~~~~~~~~~~~~~^^^^
  File "D:\ANAC\envs\5ga\Lib\site-packages\flask\app.py", line 939, in finalize_request
    response = self.make_response(rv)
  File "D:\ANAC\envs\5ga\Lib\site-packages\flask\app.py", line 1241, in make_response
    raise TypeError(
    ...<5 lines>...
    ).with_traceback(sys.exc_info()[2]) from None
  File "D:\ANAC\envs\5ga\Lib\site-packages\flask\app.py", line 1236, in make_response
    rv = self.response_class.force_type(
        rv,  # type: ignore[arg-type]
        request.environ,
    )
  File "D:\ANAC\envs\5ga\Lib\site-packages\werkzeug\wrappers\response.py", line 237, in force_type
    response = Response(*run_wsgi_app(response, environ))
                         ~~~~~~~~~~~~^^^^^^^^^^^^^^^^^^^
  File "D:\ANAC\envs\5ga\Lib\site-packages\werkzeug\test.py", line 1294, in run_wsgi_app
    status, headers = response  # type: ignore
    ^^^^^^^^^^^^^^^
TypeError: cannot unpack non-iterable NoneType object
The view function did not return a valid response. The return type must be a string, dict, list, tuple with headers or status, Response instance, or WSGI callable, but it was a function.
2026-03-17 17:32:25,101 - werkzeug - INFO - 127.0.0.1 - - [17/Mar/2026 17:32:25] "[35m[1mGET /@vite/client HTTP/1.1[0m" 500 -
2026-03-17 17:32:25,106 - werkzeug - ERROR - Error on request:
Traceback (most recent call last):
  File "D:\ANAC\envs\5ga\Lib\site-packages\werkzeug\serving.py", line 370, in run_wsgi
    execute(self.server.app)
    ~~~~~~~^^^^^^^^^^^^^^^^^
  File "D:\ANAC\envs\5ga\Lib\site-packages\werkzeug\serving.py", line 333, in execute
    for data in application_iter:
                ^^^^^^^^^^^^^^^^
TypeError: 'Response' object is not iterable
